MultiWii telemetry log. Start time:2014/08/28 11:19:29.765
GMOD,11:19:33.267,ANGLE
GRAW,11:19:33.267,0,0,0,0,0,0
GATT,11:19:33.267,0,0
GMAG,11:19:33.267,0,0,0,92,-52
GRCC,11:19:33.267,1500,1500,1500,1495
GRCX,11:19:33.267,1058,1500,1500,1500
GMOT,11:19:33.267,1000,1000,1000,1000,0,0,0,0
GNAV,11:19:33.267,1,6,0,0
GPAR,11:19:33.267,3016,0,0,0
GRAW,11:19:33.420,0,0,0,0,0,0
GATT,11:19:33.420,0,0
GMAG,11:19:33.420,0,0,0,92,-52
GRCC,11:19:33.420,1500,1500,1500,1495
GRCX,11:19:33.420,1058,1500,1500,1500
GMOT,11:19:33.420,1000,1000,1000,1000,0,0,0,0
GNAV,11:19:33.420,1,6,0,0
GPAR,11:19:33.420,3016,0,0,0
GRAW,11:19:33.577,0,0,0,0,0,0
GATT,11:19:33.577,0,0
GMAG,11:19:33.577,0,0,0,92,-46
GRCC,11:19:33.577,1500,1500,1500,1495
GRCX,11:19:33.577,1058,1500,1500,1500
GMOT,11:19:33.577,1000,1000,1000,1000,0,0,0,0
GNAV,11:19:33.577,1,4,0,0
GPAR,11:19:33.577,3016,0,0,0
GRAW,11:19:33.797,0,0,0,0,0,0
GATT,11:19:33.797,0,0
GMAG,11:19:33.797,0,0,0,92,-47
GRCC,11:19:33.797,1500,1500,1500,1495
GRCX,11:19:33.797,1058,1500,1500,1500
GMOT,11:19:33.797,1000,1000,1000,1000,0,0,0,0
GNAV,11:19:33.797,1,4,0,0
GPAR,11:19:33.797,3064,0,0,0
GRAW,11:19:34.012,0,0,0,0,0,0
GATT,11:19:34.012,0,0
GMAG,11:19:34.012,0,0,0,92,-49
GRCC,11:19:34.012,1500,1500,1500,1495
GRCX,11:19:34.012,1058,1500,1500,1500
GMOT,11:19:34.012,1000,1000,1000,1000,0,0,0,0
GNAV,11:19:34.012,1,4,0,0
GPAR,11:19:34.012,3064,0,0,0
GRAW,11:19:34.231,0,0,0,0,0,0
GATT,11:19:34.231,0,0
GMAG,11:19:34.231,0,0,0,92,-49
GRCC,11:19:34.231,1500,1500,1500,1495
GRCX,11:19:34.231,1058,1500,1500,1500
GMOT,11:19:34.231,1000,1000,1000,1000,0,0,0,0
GNAV,11:19:34.231,1,5,0,0
GPAR,11:19:34.231,3276,0,0,0
GRAW,11:19:34.450,0,0,0,0,0,0
GATT,11:19:34.450,0,0
GMAG,11:19:34.450,0,0,0,92,-48
GRCC,11:19:34.450,1500,1500,1500,1495
GRCX,11:19:34.450,1058,1500,1500,1500
GMOT,11:19:34.450,1000,1000,1000,1000,0,0,0,0
GNAV,11:19:34.450,1,5,0,0
GPAR,11:19:34.450,3484,0,0,0
GRAW,11:19:34.667,0,0,0,0,0,0
GATT,11:19:34.667,0,0
GMAG,11:19:34.667,0,0,0,92,-48
GRCC,11:19:34.667,1500,1500,1500,1495
GRCX,11:19:34.667,1058,1500,1500,1500
GMOT,11:19:34.667,1000,1000,1000,1000,0,0,0,0
GNAV,11:19:34.667,1,5,0,0
GPAR,11:19:34.667,3440,0,0,0
GRAW,11:19:34.916,0,0,0,0,0,0
GATT,11:19:34.916,0,0
GMAG,11:19:34.916,0,0,0,92,-48
GRCC,11:19:34.916,1500,1500,1500,1495
GRCX,11:19:34.916,1058,1500,1500,1500
GMOT,11:19:34.916,1000,1000,1000,1000,0,0,0,0
GNAV,11:19:34.916,1,5,0,0
GPAR,11:19:34.916,2992,0,0,0
GRAW,11:19:35.139,0,0,0,0,0,0
GATT,11:19:35.139,0,0
GMAG,11:19:35.139,0,0,0,92,-48
GRCC,11:19:35.139,1500,1500,1500,1495
GRCX,11:19:35.139,1058,1500,1500,1500
GMOT,11:19:35.139,1000,1000,1000,1000,0,0,0,0
GNAV,11:19:35.139,1,5,0,0
GPAR,11:19:35.139,3292,0,0,0
GRAW,11:19:35.353,0,0,0,0,0,0
GATT,11:19:35.353,0,0
GMAG,11:19:35.353,0,0,0,92,-43
GRCC,11:19:35.353,1500,1500,1500,1495
GRCX,11:19:35.353,1058,1500,1500,1500
GMOT,11:19:35.353,1000,1000,1000,1000,0,0,0,0
GNAV,11:19:35.353,1,5,0,0
GPAR,11:19:35.353,3000,0,0,0
GRAW,11:19:35.573,0,0,0,0,0,0
GATT,11:19:35.573,0,0
GMAG,11:19:35.573,0,0,0,92,-43
GRCC,11:19:35.573,1500,1500,1500,1495
GRCX,11:19:35.573,1058,1500,1500,1500
GMOT,11:19:35.573,1000,1000,1000,1000,0,0,0,0
GNAV,11:19:35.573,1,5,0,0
GPAR,11:19:35.573,3000,0,0,0
GRAW,11:19:35.791,0,0,0,0,0,0
GATT,11:19:35.791,0,0
GMAG,11:19:35.791,0,0,0,92,-39
GRCC,11:19:35.791,1500,1500,1500,1495
GRCX,11:19:35.791,1058,1500,1500,1500
GMOT,11:19:35.791,1000,1000,1000,1000,0,0,0,0
GNAV,11:19:35.791,1,5,0,0
GPAR,11:19:35.791,2992,0,0,0
GRAW,11:19:36.008,0,0,0,0,0,0
GATT,11:19:36.008,0,0
GMAG,11:19:36.008,0,0,0,92,-34
GRCC,11:19:36.008,1500,1500,1500,1495
GRCX,11:19:36.008,1058,1500,1500,1500
GMOT,11:19:36.008,1000,1000,1000,1000,0,0,0,0
GNAV,11:19:36.008,1,5,0,0
GPAR,11:19:36.008,3452,0,0,0
GRAW,11:19:36.258,0,0,0,0,0,0
GATT,11:19:36.258,0,0
GMAG,11:19:36.258,0,0,0,92,-21
GRCC,11:19:36.258,1500,1500,1500,1495
GRCX,11:19:36.258,1058,1500,1500,1500
GMOT,11:19:36.258,1000,1000,1000,1000,0,0,0,0
GNAV,11:19:36.258,1,5,0,0
GPAR,11:19:36.258,3372,0,0,0
GRAW,11:19:36.477,0,0,0,0,0,0
GATT,11:19:36.477,0,0
GMAG,11:19:36.477,0,0,0,92,-12
GRCC,11:19:36.477,1500,1500,1500,1495
GRCX,11:19:36.477,1058,1500,1500,1500
GMOT,11:19:36.477,1000,1000,1000,1000,0,0,0,0
GNAV,11:19:36.477,1,5,0,0
GPAR,11:19:36.477,3372,0,0,0
GRAW,11:19:36.696,0,0,0,0,0,0
GATT,11:19:36.696,0,0
GMAG,11:19:36.696,0,0,0,92,-5
GRCC,11:19:36.696,1500,1500,1500,1495
GRCX,11:19:36.696,1058,1500,1500,1500
GMOT,11:19:36.696,1000,1000,1000,1000,0,0,0,0
GNAV,11:19:36.696,1,6,0,0
GPAR,11:19:36.696,2988,0,0,0
GRAW,11:19:36.916,0,0,0,0,0,0
GATT,11:19:36.916,0,0
GMAG,11:19:36.916,0,0,0,92,-4
GRCC,11:19:36.916,1500,1500,1500,1495
GRCX,11:19:36.916,1058,1500,1500,1500
GMOT,11:19:36.916,1000,1000,1000,1000,0,0,0,0
GNAV,11:19:36.916,1,6,0,0
GPAR,11:19:36.916,3272,0,0,0
GRAW,11:19:37.132,0,0,0,0,0,0
GATT,11:19:37.132,0,0
GMAG,11:19:37.132,0,0,0,92,-10
GRCC,11:19:37.132,1500,1500,1500,1495
GRCX,11:19:37.132,1058,1500,1500,1500
GMOT,11:19:37.132,1000,1000,1000,1000,0,0,0,0
GNAV,11:19:37.132,1,6,0,0
GPAR,11:19:37.132,3272,0,0,0
GRAW,11:19:37.351,0,0,0,0,0,0
GATT,11:19:37.351,0,0
GMAG,11:19:37.351,0,0,0,92,-16
GRCC,11:19:37.351,1500,1500,1500,1495
GRCX,11:19:37.351,1058,1500,1500,1500
GMOT,11:19:37.351,1000,1000,1000,1000,0,0,0,0
GNAV,11:19:37.351,1,6,0,0
GPAR,11:19:37.351,3496,0,0,0
GRAW,11:19:37.570,0,0,0,0,0,0
GATT,11:19:37.570,0,0
GMAG,11:19:37.570,0,0,0,92,-23
GRCC,11:19:37.570,1500,1500,1500,1495
GRCX,11:19:37.570,1058,1500,1500,1500
GMOT,11:19:37.570,1000,1000,1000,1000,0,0,0,0
GNAV,11:19:37.570,1,6,0,0
GPAR,11:19:37.570,3004,0,0,0
GRAW,11:19:37.787,0,0,0,0,0,0
GATT,11:19:37.787,0,0
GMAG,11:19:37.787,0,0,0,92,-33
GRCC,11:19:37.787,1500,1500,1500,1495
GRCX,11:19:37.787,1058,1500,1500,1500
GMOT,11:19:37.787,1000,1000,1000,1000,0,0,0,0
GNAV,11:19:37.787,1,6,0,0
GPAR,11:19:37.787,3464,0,0,0
GRAW,11:19:38.007,0,0,0,0,0,0
GATT,11:19:38.007,0,0
GMAG,11:19:38.007,0,0,0,92,-40
GRCC,11:19:38.007,1500,1500,1500,1495
GRCX,11:19:38.007,1058,1500,1500,1500
GMOT,11:19:38.007,1000,1000,1000,1000,0,0,0,0
GNAV,11:19:38.007,1,6,0,0
GPAR,11:19:38.007,3324,0,0,0
GRAW,11:19:38.223,0,0,0,0,0,0
GATT,11:19:38.223,0,0
GMAG,11:19:38.223,0,0,0,92,-45
GRCC,11:19:38.223,1500,1500,1500,1495
GRCX,11:19:38.223,1058,1500,1500,1500
GMOT,11:19:38.223,1000,1000,1000,1000,0,0,0,0
GNAV,11:19:38.223,1,6,0,0
GPAR,11:19:38.223,3020,0,0,0
GRAW,11:19:38.443,0,0,0,0,0,0
GATT,11:19:38.443,0,0
GMAG,11:19:38.443,0,0,0,92,-44
GRCC,11:19:38.443,1500,1500,1500,1495
GRCX,11:19:38.443,1058,1500,1500,1500
GMOT,11:19:38.443,1000,1000,1000,1000,0,0,0,0
GNAV,11:19:38.443,1,6,0,0
GPAR,11:19:38.443,3020,0,0,0
GRAW,11:19:38.661,0,0,0,0,0,0
GATT,11:19:38.661,0,0
GMAG,11:19:38.661,0,0,0,92,-36
GRCC,11:19:38.661,1500,1500,1500,1495
GRCX,11:19:38.661,1058,1500,1500,1500
GMOT,11:19:38.661,1000,1000,1000,1000,0,0,0,0
GNAV,11:19:38.661,1,5,0,0
GPAR,11:19:38.661,2996,0,0,0
GRAW,11:19:38.879,0,0,0,0,0,0
GATT,11:19:38.879,0,0
GMAG,11:19:38.879,0,0,0,92,-31
GRCC,11:19:38.879,1500,1500,1500,1495
GRCX,11:19:38.879,1058,1500,1500,1500
GMOT,11:19:38.879,1000,1000,1000,1000,0,0,0,0
GNAV,11:19:38.879,1,6,0,0
GPAR,11:19:38.879,2980,0,0,0
GRAW,11:19:39.099,0,0,0,0,0,0
GATT,11:19:39.099,0,0
GMAG,11:19:39.099,0,0,0,92,-29
GRCC,11:19:39.099,1500,1500,1500,1495
GRCX,11:19:39.099,1058,1500,1500,1500
GMOT,11:19:39.099,1000,1000,1000,1000,0,0,0,0
GNAV,11:19:39.099,1,6,0,0
GPAR,11:19:39.099,3296,0,0,0
GRAW,11:19:39.315,0,0,0,0,0,0
GATT,11:19:39.315,0,0
GMAG,11:19:39.315,0,0,0,92,-29
GRCC,11:19:39.315,1500,1500,1500,1495
GRCX,11:19:39.315,1058,1500,1500,1500
GMOT,11:19:39.315,1000,1000,1000,1000,0,0,0,0
GNAV,11:19:39.315,1,6,0,0
GPAR,11:19:39.315,3296,0,0,0
GRAW,11:19:39.536,0,0,0,0,0,0
GATT,11:19:39.536,0,0
GMAG,11:19:39.536,0,0,0,92,-29
GRCC,11:19:39.536,1500,1500,1500,1495
GRCX,11:19:39.536,1058,1500,1500,1500
GMOT,11:19:39.536,1000,1000,1000,1000,0,0,0,0
GNAV,11:19:39.536,1,6,0,0
GPAR,11:19:39.536,3136,0,0,0
GRAW,11:19:39.752,0,0,0,0,0,0
GATT,11:19:39.752,0,0
GMAG,11:19:39.752,0,0,0,92,-29
GRCC,11:19:39.752,1500,1500,1500,1495
GRCX,11:19:39.752,1058,1500,1500,1500
GMOT,11:19:39.752,1000,1000,1000,1000,0,0,0,0
GNAV,11:19:39.752,1,6,0,0
GPAR,11:19:39.752,3424,0,0,0
GRAW,11:19:39.971,0,0,0,0,0,0
GATT,11:19:39.971,0,0
GMAG,11:19:39.971,0,0,0,92,-44
GRCC,11:19:39.971,1500,1500,1500,1495
GRCX,11:19:39.971,1058,1500,1500,1500
GMOT,11:19:39.971,1000,1000,1000,1000,0,0,0,0
GNAV,11:19:39.971,1,6,0,0
GPAR,11:19:39.971,3056,0,0,0
GRAW,11:19:40.191,0,0,0,0,0,0
GATT,11:19:40.191,0,0
GMAG,11:19:40.191,0,0,0,92,-49
GRCC,11:19:40.191,1500,1500,1500,1495
GRCX,11:19:40.191,1058,1500,1500,1500
GMOT,11:19:40.191,1000,1000,1000,1000,0,0,0,0
GNAV,11:19:40.191,1,6,0,0
GPAR,11:19:40.191,3056,0,0,0
GRAW,11:19:40.411,0,0,0,0,0,0
GATT,11:19:40.411,0,0
GMAG,11:19:40.411,0,0,0,92,-51
GRCC,11:19:40.411,1500,1500,1500,1495
GRCX,11:19:40.411,1058,1500,1500,1500
GMOT,11:19:40.411,1000,1000,1000,1000,0,0,0,0
GNAV,11:19:40.411,1,6,0,0
GPAR,11:19:40.411,2960,0,0,0
GRAW,11:19:40.626,0,0,0,0,0,0
GATT,11:19:40.626,0,0
GMAG,11:19:40.626,0,0,0,92,-45
GRCC,11:19:40.626,1500,1500,1500,1495
GRCX,11:19:40.626,1058,1500,1500,1500
GMOT,11:19:40.626,1000,1000,1000,1000,0,0,0,0
GNAV,11:19:40.626,1,6,0,0
GPAR,11:19:40.626,3308,0,0,0
GRAW,11:19:40.845,0,0,0,0,0,0
GATT,11:19:40.845,0,0
GMAG,11:19:40.845,0,0,0,92,-22
GRCC,11:19:40.845,1500,1500,1500,1495
GRCX,11:19:40.845,1058,1500,1500,1500
GMOT,11:19:40.845,1000,1000,1000,1000,0,0,0,0
GNAV,11:19:40.845,1,6,0,0
GPAR,11:19:40.845,2968,0,0,0
GRAW,11:19:41.064,0,0,0,0,0,0
GATT,11:19:41.064,0,0
GMAG,11:19:41.064,0,0,0,92,10
GRCC,11:19:41.064,1500,1500,1500,1495
GRCX,11:19:41.064,1058,1500,1500,1500
GMOT,11:19:41.064,1000,1000,1000,1000,0,0,0,0
GNAV,11:19:41.064,1,6,0,0
GPAR,11:19:41.064,3024,0,0,0
GRAW,11:19:41.281,0,0,0,0,0,0
GATT,11:19:41.281,0,0
GMAG,11:19:41.281,0,0,0,92,32
GRCC,11:19:41.281,1500,1500,1500,1495
GRCX,11:19:41.281,1058,1500,1500,1500
GMOT,11:19:41.281,1000,1000,1000,1000,0,0,0,0
GNAV,11:19:41.281,1,6,0,0
GPAR,11:19:41.281,2964,0,0,0
GRAW,11:19:41.500,0,0,0,0,0,0
GATT,11:19:41.500,0,0
GMAG,11:19:41.500,0,0,0,92,31
GRCC,11:19:41.500,1500,1500,1500,1495
GRCX,11:19:41.500,1058,1500,1500,1500
GMOT,11:19:41.500,1000,1000,1000,1000,0,0,0,0
GNAV,11:19:41.500,1,6,0,0
GPAR,11:19:41.500,2972,0,0,0
GRAW,11:19:41.718,0,0,0,0,0,0
GATT,11:19:41.718,0,0
GMAG,11:19:41.718,0,0,0,92,16
GRCC,11:19:41.718,1500,1500,1500,1495
GRCX,11:19:41.718,1058,1500,1500,1500
GMOT,11:19:41.718,1000,1000,1000,1000,0,0,0,0
GNAV,11:19:41.718,1,6,0,0
GPAR,11:19:41.718,2960,0,0,0
GRAW,11:19:41.937,0,0,0,0,0,0
GATT,11:19:41.937,0,0
GMAG,11:19:41.937,0,0,0,92,-7
GRCC,11:19:41.937,1500,1500,1500,1495
GRCX,11:19:41.937,1058,1500,1500,1500
GMOT,11:19:41.937,1000,1000,1000,1000,0,0,0,0
GNAV,11:19:41.937,1,6,0,0
GPAR,11:19:41.937,3336,0,0,0
GRAW,11:19:42.155,0,0,0,0,0,0
GATT,11:19:42.155,0,0
GMAG,11:19:42.155,0,0,0,92,-25
GRCC,11:19:42.155,1500,1500,1500,1495
GRCX,11:19:42.155,1058,1500,1500,1500
GMOT,11:19:42.155,1000,1000,1000,1000,0,0,0,0
GNAV,11:19:42.155,1,6,0,0
GPAR,11:19:42.155,3336,0,0,0
GRAW,11:19:42.374,0,0,0,0,0,0
GATT,11:19:42.374,0,0
GMAG,11:19:42.374,0,0,0,92,-32
GRCC,11:19:42.374,1500,1500,1500,1495
GRCX,11:19:42.374,1058,1500,1500,1500
GMOT,11:19:42.374,1000,1000,1000,1000,0,0,0,0
GNAV,11:19:42.374,1,6,0,0
GPAR,11:19:42.374,2968,0,0,0
GRAW,11:19:42.594,0,0,0,0,0,0
GATT,11:19:42.594,0,0
GMAG,11:19:42.594,0,0,0,92,-39
GRCC,11:19:42.594,1500,1500,1500,1495
GRCX,11:19:42.594,1058,1500,1500,1500
GMOT,11:19:42.594,1000,1000,1000,1000,0,0,0,0
GNAV,11:19:42.594,1,6,0,0
GPAR,11:19:42.594,2984,0,0,0
GRAW,11:19:42.811,0,0,0,0,0,0
GATT,11:19:42.811,0,0
GMAG,11:19:42.811,0,0,0,92,-45
GRCC,11:19:42.811,1500,1500,1500,1495
GRCX,11:19:42.811,1058,1500,1500,1500
GMOT,11:19:42.811,1000,1000,1000,1000,0,0,0,0
GNAV,11:19:42.811,1,6,0,0
GPAR,11:19:42.811,2948,0,0,0
GRAW,11:19:43.029,0,0,0,0,0,0
GATT,11:19:43.029,0,0
GMAG,11:19:43.029,0,0,0,92,-45
GRCC,11:19:43.029,1500,1500,1500,1495
GRCX,11:19:43.029,1058,1500,1500,1500
GMOT,11:19:43.029,1000,1000,1000,1000,0,0,0,0
GNAV,11:19:43.029,1,6,0,0
GPAR,11:19:43.029,2948,0,0,0
GRAW,11:19:43.247,0,0,0,0,0,0
GATT,11:19:43.247,0,0
GMAG,11:19:43.247,0,0,0,92,-45
GRCC,11:19:43.247,1500,1500,1500,1495
GRCX,11:19:43.247,1058,1500,1500,1500
GMOT,11:19:43.247,1000,1000,1000,1000,0,0,0,0
GNAV,11:19:43.247,1,6,0,0
GPAR,11:19:43.247,3200,0,0,0
GRAW,11:19:43.467,0,0,0,0,0,0
GATT,11:19:43.467,0,0
GMAG,11:19:43.467,0,0,0,92,-41
GRCC,11:19:43.467,1500,1500,1500,1495
GRCX,11:19:43.467,1058,1500,1500,1500
GMOT,11:19:43.467,1000,1000,1000,1000,0,0,0,0
GNAV,11:19:43.467,1,6,0,0
GPAR,11:19:43.467,3264,0,0,0
GRAW,11:19:43.684,0,0,0,0,0,0
GATT,11:19:43.684,0,0
GMAG,11:19:43.684,0,0,0,92,-37
GRCC,11:19:43.684,1500,1500,1500,1495
GRCX,11:19:43.684,1058,1500,1500,1500
GMOT,11:19:43.684,1000,1000,1000,1000,0,0,0,0
GNAV,11:19:43.684,1,6,0,0
GPAR,11:19:43.684,3264,0,0,0
GRAW,11:19:43.903,0,0,0,0,0,0
GATT,11:19:43.903,0,0
GMAG,11:19:43.903,0,0,0,92,-40
GRCC,11:19:43.903,1500,1500,1500,1495
GRCX,11:19:43.903,1058,1500,1500,1500
GMOT,11:19:43.903,1000,1000,1000,1000,0,0,0,0
GNAV,11:19:43.903,1,6,0,0
GPAR,11:19:43.903,2964,0,0,0
GRAW,11:19:44.121,0,0,0,0,0,0
GATT,11:19:44.121,0,0
GMAG,11:19:44.121,0,0,0,92,-45
GRCC,11:19:44.121,1500,1500,1500,1495
GRCX,11:19:44.121,1058,1500,1500,1500
GMOT,11:19:44.121,1000,1000,1000,1000,0,0,0,0
GNAV,11:19:44.121,1,6,0,0
GPAR,11:19:44.121,2952,0,0,0
GRAW,11:19:44.339,0,0,0,0,0,0
GATT,11:19:44.339,0,0
GMAG,11:19:44.339,0,0,0,92,-45
GRCC,11:19:44.339,1500,1500,1500,1495
GRCX,11:19:44.339,1058,1500,1500,1500
GMOT,11:19:44.339,1000,1000,1000,1000,0,0,0,0
GNAV,11:19:44.339,1,6,0,0
GPAR,11:19:44.339,2952,0,0,0
GRAW,11:19:44.557,0,0,0,0,0,0
GATT,11:19:44.557,0,0
GMAG,11:19:44.557,0,0,0,92,-50
GRCC,11:19:44.557,1500,1500,1500,1495
GRCX,11:19:44.557,1058,1500,1500,1500
GMOT,11:19:44.557,1000,1000,1000,1000,0,0,0,0
GNAV,11:19:44.557,1,6,0,0
GPAR,11:19:44.557,2952,0,0,0
GRAW,11:19:44.775,0,0,0,0,0,0
GATT,11:19:44.775,0,0
GMAG,11:19:44.775,0,0,0,92,-48
GRCC,11:19:44.775,1500,1500,1500,1495
GRCX,11:19:44.775,1058,1500,1500,1500
GMOT,11:19:44.775,1000,1000,1000,1000,0,0,0,0
GNAV,11:19:44.775,1,6,0,0
GPAR,11:19:44.775,3012,0,0,0
GRAW,11:19:44.995,0,0,0,0,0,0
GATT,11:19:44.995,0,0
GMAG,11:19:44.995,0,0,0,92,-44
GRCC,11:19:44.995,1500,1500,1500,1495
GRCX,11:19:44.995,1058,1500,1500,1500
GMOT,11:19:44.995,1000,1000,1000,1000,0,0,0,0
GNAV,11:19:44.995,1,6,0,0
GPAR,11:19:44.995,3276,0,0,0
GRAW,11:19:45.216,0,0,0,0,0,0
GATT,11:19:45.216,0,0
GMAG,11:19:45.216,0,0,0,92,-42
GRCC,11:19:45.216,1500,1500,1500,1495
GRCX,11:19:45.216,1058,1500,1500,1500
GMOT,11:19:45.216,1000,1000,1000,1000,0,0,0,0
GNAV,11:19:45.216,1,6,0,0
GPAR,11:19:45.216,2976,0,0,0
GRAW,11:19:45.431,0,0,0,0,0,0
GATT,11:19:45.431,0,0
GMAG,11:19:45.431,0,0,0,92,-45
GRCC,11:19:45.431,1500,1500,1500,1495
GRCX,11:19:45.431,1058,1500,1500,1500
GMOT,11:19:45.431,1000,1000,1000,1000,0,0,0,0
GNAV,11:19:45.431,1,6,0,0
GPAR,11:19:45.431,2980,0,0,0
GRAW,11:19:45.652,0,0,0,0,0,0
GATT,11:19:45.652,0,0
GMAG,11:19:45.652,0,0,0,92,-45
GRCC,11:19:45.652,1500,1500,1500,1495
GRCX,11:19:45.652,1058,1500,1500,1500
GMOT,11:19:45.652,1000,1000,1000,1000,0,0,0,0
GNAV,11:19:45.652,1,6,0,0
GPAR,11:19:45.652,3260,0,0,0
GRAW,11:19:45.870,0,0,0,0,0,0
GATT,11:19:45.870,0,0
GMAG,11:19:45.870,0,0,0,92,-42
GRCC,11:19:45.870,1500,1500,1500,1495
GRCX,11:19:45.870,1058,1500,1500,1500
GMOT,11:19:45.870,1000,1000,1000,1000,0,0,0,0
GNAV,11:19:45.870,1,6,0,0
GPAR,11:19:45.870,3004,0,0,0
GRAW,11:19:46.087,0,0,0,0,0,0
GATT,11:19:46.087,0,0
GMAG,11:19:46.087,0,0,0,92,-36
GRCC,11:19:46.087,1500,1500,1500,1495
GRCX,11:19:46.087,1058,1500,1500,1500
GMOT,11:19:46.087,1000,1000,1000,1000,0,0,0,0
GNAV,11:19:46.087,1,6,0,0
GPAR,11:19:46.087,3528,0,0,0
GRAW,11:19:46.305,0,0,0,0,0,0
GATT,11:19:46.305,0,0
GMAG,11:19:46.305,0,0,0,92,-34
GRCC,11:19:46.305,1500,1500,1500,1495
GRCX,11:19:46.305,1058,1500,1500,1500
GMOT,11:19:46.305,1000,1000,1000,1000,0,0,0,0
GNAV,11:19:46.305,1,6,0,0
GPAR,11:19:46.305,3080,0,0,0
GRAW,11:19:46.554,0,0,0,0,0,0
GATT,11:19:46.554,0,0
GMAG,11:19:46.554,0,0,0,92,-31
GRCC,11:19:46.554,1500,1500,1500,1495
GRCX,11:19:46.554,1058,1500,1500,1500
GMOT,11:19:46.554,1000,1000,1000,1000,0,0,0,0
GNAV,11:19:46.554,1,6,0,0
GPAR,11:19:46.554,3080,0,0,0
GRAW,11:19:46.773,0,0,0,0,0,0
GATT,11:19:46.773,0,0
GMAG,11:19:46.773,0,0,0,92,-31
GRCC,11:19:46.773,1500,1500,1500,1495
GRCX,11:19:46.773,1058,1500,1500,1500
GMOT,11:19:46.773,1000,1000,1000,1000,0,0,0,0
GNAV,11:19:46.773,1,6,0,0
GPAR,11:19:46.773,4420,0,0,0
GRAW,11:19:46.991,0,0,0,0,0,0
GATT,11:19:46.991,0,0
GMAG,11:19:46.991,0,0,0,92,-27
GRCC,11:19:46.991,1500,1500,1500,1495
GRCX,11:19:46.991,1058,1500,1500,1500
GMOT,11:19:46.991,1000,1000,1000,1000,0,0,0,0
GNAV,11:19:46.991,1,6,0,0
GPAR,11:19:46.991,3440,0,0,0
GRAW,11:19:47.210,0,0,0,0,0,0
GATT,11:19:47.210,0,0
GMAG,11:19:47.210,0,0,0,92,-25
GRCC,11:19:47.210,1500,1500,1500,1495
GRCX,11:19:47.210,1058,1500,1500,1500
GMOT,11:19:47.210,1000,1000,1000,1000,0,0,0,0
GNAV,11:19:47.210,1,6,0,0
GPAR,11:19:47.210,2952,0,0,0
GRAW,11:19:47.431,0,0,0,0,0,0
GATT,11:19:47.431,0,0
GMAG,11:19:47.431,0,0,0,92,-25
GRCC,11:19:47.431,1500,1500,1500,1495
GRCX,11:19:47.431,1058,1500,1500,1500
GMOT,11:19:47.431,1000,1000,1000,1000,0,0,0,0
GNAV,11:19:47.431,1,6,0,0
GPAR,11:19:47.431,2952,0,0,0
GRAW,11:19:47.647,0,0,0,0,0,0
GATT,11:19:47.647,0,0
GMAG,11:19:47.647,0,0,0,92,-23
GRCC,11:19:47.647,1500,1500,1500,1495
GRCX,11:19:47.647,1058,1500,1500,1500
GMOT,11:19:47.647,1000,1000,1000,1000,0,0,0,0
GNAV,11:19:47.647,1,6,0,0
GPAR,11:19:47.647,3268,0,0,0
GRAW,11:19:47.868,0,0,0,0,0,0
GATT,11:19:47.868,0,0
GMAG,11:19:47.868,0,0,0,92,-16
GRCC,11:19:47.868,1500,1500,1500,1495
GRCX,11:19:47.868,1058,1500,1500,1500
GMOT,11:19:47.868,1000,1000,1000,1000,0,0,0,0
GNAV,11:19:47.868,1,6,0,0
GPAR,11:19:47.868,3012,0,0,0
GRAW,11:19:48.083,0,0,0,0,0,0
GATT,11:19:48.083,0,0
GMAG,11:19:48.083,0,0,0,92,4
GRCC,11:19:48.083,1500,1500,1500,1495
GRCX,11:19:48.083,1058,1500,1500,1500
GMOT,11:19:48.083,1000,1000,1000,1000,0,0,0,0
GNAV,11:19:48.083,1,6,0,0
GPAR,11:19:48.083,3472,0,0,0
GRAW,11:19:48.303,0,0,0,0,0,0
GATT,11:19:48.303,0,0
GMAG,11:19:48.303,0,0,0,92,21
GRCC,11:19:48.303,1500,1500,1500,1495
GRCX,11:19:48.303,1058,1500,1500,1500
GMOT,11:19:48.303,1000,1000,1000,1000,0,0,0,0
GNAV,11:19:48.303,1,6,0,0
GPAR,11:19:48.303,3124,0,0,0
GRAW,11:19:48.522,0,0,0,0,0,0
GATT,11:19:48.522,0,0
GMAG,11:19:48.522,0,0,0,92,32
GRCC,11:19:48.522,1500,1500,1500,1495
GRCX,11:19:48.522,1058,1500,1500,1500
GMOT,11:19:48.522,1000,1000,1000,1000,0,0,0,0
GNAV,11:19:48.522,1,6,0,0
GPAR,11:19:48.522,3300,0,0,0
GRAW,11:19:48.739,0,0,0,0,0,0
GATT,11:19:48.739,0,0
GMAG,11:19:48.739,0,0,0,92,32
GRCC,11:19:48.739,1500,1500,1500,1495
GRCX,11:19:48.739,1058,1500,1500,1500
GMOT,11:19:48.739,1000,1000,1000,1000,0,0,0,0
GNAV,11:19:48.739,1,6,0,0
GPAR,11:19:48.739,3068,0,0,0
GRAW,11:19:48.957,0,0,0,0,0,0
GATT,11:19:48.957,0,0
GMAG,11:19:48.957,0,0,0,92,10
GRCC,11:19:48.957,1500,1500,1500,1495
GRCX,11:19:48.957,1058,1500,1500,1500
GMOT,11:19:48.957,1000,1000,1000,1000,0,0,0,0
GNAV,11:19:48.957,1,6,0,0
GPAR,11:19:48.957,2940,0,0,0
GRAW,11:19:49.175,0,0,0,0,0,0
GATT,11:19:49.175,0,0
GMAG,11:19:49.175,0,0,0,92,-19
GRCC,11:19:49.175,1500,1500,1500,1495
GRCX,11:19:49.175,1058,1500,1500,1500
GMOT,11:19:49.175,1000,1000,1000,1000,0,0,0,0
GNAV,11:19:49.175,1,6,0,0
GPAR,11:19:49.175,2976,0,0,0
GRAW,11:19:49.395,0,0,0,0,0,0
GATT,11:19:49.395,0,0
GMAG,11:19:49.395,0,0,0,92,-37
GRCC,11:19:49.395,1500,1500,1500,1495
GRCX,11:19:49.395,1058,1500,1500,1500
GMOT,11:19:49.395,1000,1000,1000,1000,0,0,0,0
GNAV,11:19:49.395,1,6,0,0
GPAR,11:19:49.395,2976,0,0,0
GRAW,11:19:49.612,0,0,0,0,0,0
GATT,11:19:49.612,0,0
GMAG,11:19:49.612,0,0,0,92,-54
GRCC,11:19:49.612,1500,1500,1500,1495
GRCX,11:19:49.612,1058,1500,1500,1500
GMOT,11:19:49.612,1000,1000,1000,1000,0,0,0,0
GNAV,11:19:49.612,1,6,0,0
GPAR,11:19:49.612,3080,0,0,0
GRAW,11:19:49.829,0,0,0,0,0,0
GATT,11:19:49.829,0,0
GMAG,11:19:49.829,0,0,0,92,-53
GRCC,11:19:49.829,1500,1500,1500,1495
GRCX,11:19:49.829,1058,1500,1500,1500
GMOT,11:19:49.829,1000,1000,1000,1000,0,0,0,0
GNAV,11:19:49.829,1,6,0,0
GPAR,11:19:49.829,3004,0,0,0
GRAW,11:19:50.083,0,0,0,0,0,0
GATT,11:19:50.083,0,0
GMAG,11:19:50.083,0,0,0,92,-53
GRCC,11:19:50.083,1500,1500,1500,1495
GRCX,11:19:50.083,1058,1500,1500,1500
GMOT,11:19:50.083,1000,1000,1000,1000,0,0,0,0
GNAV,11:19:50.083,1,6,0,0
GPAR,11:19:50.083,3004,0,0,0
GRAW,11:19:50.297,0,0,0,0,0,0
GATT,11:19:50.297,0,0
GMAG,11:19:50.297,0,0,0,92,-56
GRCC,11:19:50.297,1500,1500,1500,1495
GRCX,11:19:50.297,1058,1500,1500,1500
GMOT,11:19:50.297,1000,1000,1000,1000,0,0,0,0
GNAV,11:19:50.297,1,6,0,0
GPAR,11:19:50.297,2952,0,0,0
GRAW,11:19:50.520,0,0,0,0,0,0
GATT,11:19:50.520,0,0
GMAG,11:19:50.520,0,0,0,92,-56
GRCC,11:19:50.520,1500,1500,1500,1495
GRCX,11:19:50.520,1058,1500,1500,1500
GMOT,11:19:50.520,1000,1000,1000,1000,0,0,0,0
GNAV,11:19:50.520,1,6,0,0
GPAR,11:19:50.520,2952,0,0,0
GRAW,11:19:50.735,0,0,0,0,0,0
GATT,11:19:50.735,0,0
GMAG,11:19:50.735,0,0,0,92,-39
GRCC,11:19:50.735,1500,1500,1500,1495
GRCX,11:19:50.735,1058,1500,1500,1500
GMOT,11:19:50.735,1000,1000,1000,1000,0,0,0,0
GNAV,11:19:50.735,1,6,0,0
GPAR,11:19:50.735,3004,0,0,0
GRAW,11:19:50.956,0,0,0,0,0,0
GATT,11:19:50.956,0,0
GMAG,11:19:50.956,0,0,0,92,-6
GRCC,11:19:50.956,1500,1500,1500,1495
GRCX,11:19:50.956,1058,1500,1500,1500
GMOT,11:19:50.956,1000,1000,1000,1000,0,0,0,0
GNAV,11:19:50.956,1,6,0,0
GPAR,11:19:50.956,3028,0,0,0
GRAW,11:19:51.172,0,0,0,0,0,0
GATT,11:19:51.172,0,0
GMAG,11:19:51.172,0,0,0,92,22
GRCC,11:19:51.172,1500,1500,1500,1495
GRCX,11:19:51.172,1058,1500,1500,1500
GMOT,11:19:51.172,1000,1000,1000,1000,0,0,0,0
GNAV,11:19:51.172,1,6,0,0
GPAR,11:19:51.172,3008,0,0,0
GRAW,11:19:51.392,0,0,0,0,0,0
GATT,11:19:51.392,0,0
GMAG,11:19:51.392,0,0,0,92,36
GRCC,11:19:51.392,1500,1500,1500,1495
GRCX,11:19:51.392,1058,1500,1500,1500
GMOT,11:19:51.392,1000,1000,1000,1000,0,0,0,0
GNAV,11:19:51.392,1,6,0,0
GPAR,11:19:51.392,3036,0,0,0
GRAW,11:19:51.610,0,0,0,0,0,0
GATT,11:19:51.610,0,0
GMAG,11:19:51.610,0,0,0,92,38
GRCC,11:19:51.610,1500,1500,1500,1495
GRCX,11:19:51.610,1058,1500,1500,1500
GMOT,11:19:51.610,1000,1000,1000,1000,0,0,0,0
GNAV,11:19:51.610,1,6,0,0
GPAR,11:19:51.610,2984,0,0,0
GRAW,11:19:51.858,0,0,0,0,0,0
GATT,11:19:51.858,0,0
GMAG,11:19:51.858,0,0,0,92,35
GRCC,11:19:51.858,1500,1500,1500,1495
GRCX,11:19:51.858,1058,1500,1500,1500
GMOT,11:19:51.858,1000,1000,1000,1000,0,0,0,0
GNAV,11:19:51.858,1,6,0,0
GPAR,11:19:51.858,3084,0,0,0
GRAW,11:19:52.077,0,0,0,0,0,0
GATT,11:19:52.077,0,0
GMAG,11:19:52.077,0,0,0,92,32
GRCC,11:19:52.077,1500,1500,1500,1495
GRCX,11:19:52.077,1058,1500,1500,1500
GMOT,11:19:52.077,1000,1000,1000,1000,0,0,0,0
GNAV,11:19:52.077,1,6,0,0
GPAR,11:19:52.077,3052,0,0,0
GRAW,11:19:52.296,0,0,0,0,0,0
GATT,11:19:52.296,0,0
GMAG,11:19:52.296,0,0,0,92,38
GRCC,11:19:52.296,1500,1500,1500,1495
GRCX,11:19:52.296,1058,1500,1500,1500
GMOT,11:19:52.296,1000,1000,1000,1000,0,0,0,0
GNAV,11:19:52.296,1,6,0,0
GPAR,11:19:52.296,3052,0,0,0
GRAW,11:19:52.514,0,0,0,0,0,0
GATT,11:19:52.514,0,0
GMAG,11:19:52.514,0,0,0,92,38
GRCC,11:19:52.514,1500,1500,1500,1495
GRCX,11:19:52.514,1058,1500,1500,1500
GMOT,11:19:52.514,1000,1000,1000,1000,0,0,0,0
GNAV,11:19:52.514,1,6,0,0
GPAR,11:19:52.514,3048,0,0,0
GRAW,11:19:52.736,0,0,0,0,0,0
GATT,11:19:52.736,0,0
GMAG,11:19:52.736,0,0,0,92,42
GRCC,11:19:52.736,1500,1500,1500,1495
GRCX,11:19:52.736,1058,1500,1500,1500
GMOT,11:19:52.736,1000,1000,1000,1000,0,0,0,0
GNAV,11:19:52.736,1,6,0,0
GPAR,11:19:52.736,2992,0,0,0
GRAW,11:19:52.952,0,0,0,0,0,0
GATT,11:19:52.952,0,0
GMAG,11:19:52.952,0,0,0,92,41
GRCC,11:19:52.952,1500,1500,1500,1495
GRCX,11:19:52.952,1058,1500,1500,1500
GMOT,11:19:52.952,1000,1000,1000,1000,0,0,0,0
GNAV,11:19:52.952,1,6,0,0
GPAR,11:19:52.952,2992,0,0,0
GRAW,11:19:53.170,0,0,0,0,0,0
GATT,11:19:53.170,0,0
GMAG,11:19:53.170,0,0,0,92,39
GRCC,11:19:53.170,1500,1500,1500,1495
GRCX,11:19:53.170,1058,1500,1500,1500
GMOT,11:19:53.170,1000,1000,1000,1000,0,0,0,0
GNAV,11:19:53.170,1,6,0,0
GPAR,11:19:53.170,3080,0,0,0
GRAW,11:19:53.388,0,0,0,0,0,0
GATT,11:19:53.388,0,0
GMAG,11:19:53.388,0,0,0,92,39
GRCC,11:19:53.388,1500,1500,1500,1495
GRCX,11:19:53.388,1058,1500,1500,1500
GMOT,11:19:53.388,1000,1000,1000,1000,0,0,0,0
GNAV,11:19:53.388,1,6,0,0
GPAR,11:19:53.388,3192,0,0,0
GRAW,11:19:53.608,0,0,0,0,0,0
GATT,11:19:53.608,0,0
GMAG,11:19:53.608,0,0,0,92,39
GRCC,11:19:53.608,1500,1500,1500,1495
GRCX,11:19:53.608,1058,1500,1500,1500
GMOT,11:19:53.608,1000,1000,1000,1000,0,0,0,0
GNAV,11:19:53.608,1,6,0,0
GPAR,11:19:53.608,3192,0,0,0
GRAW,11:19:53.826,0,0,0,0,0,0
GATT,11:19:53.826,0,0
GMAG,11:19:53.826,0,0,0,92,26
GRCC,11:19:53.826,1500,1500,1500,1495
GRCX,11:19:53.826,1058,1500,1500,1500
GMOT,11:19:53.826,1000,1000,1000,1000,0,0,0,0
GNAV,11:19:53.826,1,6,0,0
GPAR,11:19:53.826,3280,0,0,0
GRAW,11:19:54.043,0,0,0,0,0,0
GATT,11:19:54.043,0,0
GMAG,11:19:54.043,0,0,0,92,26
GRCC,11:19:54.043,1500,1500,1500,1495
GRCX,11:19:54.043,1058,1500,1500,1500
GMOT,11:19:54.043,1000,1000,1000,1000,0,0,0,0
GNAV,11:19:54.043,1,6,0,0
GPAR,11:19:54.043,3080,0,0,0
GRAW,11:19:54.260,0,0,0,0,0,0
GATT,11:19:54.260,0,0
GMAG,11:19:54.260,0,0,0,92,12
GRCC,11:19:54.260,1500,1500,1500,1495
GRCX,11:19:54.260,1058,1500,1500,1500
GMOT,11:19:54.260,1000,1000,1000,1000,0,0,0,0
GNAV,11:19:54.260,1,6,0,0
GPAR,11:19:54.260,3212,0,0,0
GRAW,11:19:54.480,0,0,0,0,0,0
GATT,11:19:54.480,0,0
GMAG,11:19:54.480,0,0,0,92,25
GRCC,11:19:54.480,1500,1500,1500,1495
GRCX,11:19:54.480,1058,1500,1500,1500
GMOT,11:19:54.480,1000,1000,1000,1000,0,0,0,0
GNAV,11:19:54.480,1,6,0,0
GPAR,11:19:54.480,2976,0,0,0
GRAW,11:19:54.699,0,0,0,0,0,0
GATT,11:19:54.699,0,0
GMAG,11:19:54.699,0,0,0,92,39
GRCC,11:19:54.699,1500,1500,1500,1495
GRCX,11:19:54.699,1058,1500,1500,1500
GMOT,11:19:54.699,1000,1000,1000,1000,0,0,0,0
GNAV,11:19:54.699,1,6,0,0
GPAR,11:19:54.699,3080,0,0,0
GRAW,11:19:54.920,0,0,0,0,0,0
GATT,11:19:54.920,0,0
GMAG,11:19:54.920,0,0,0,92,56
GRCC,11:19:54.920,1500,1500,1500,1495
GRCX,11:19:54.920,1058,1500,1500,1500
GMOT,11:19:54.920,1000,1000,1000,1000,0,0,0,0
GNAV,11:19:54.920,1,6,0,0
GPAR,11:19:54.920,3120,0,0,0
GRAW,11:19:55.136,0,0,0,0,0,0
GATT,11:19:55.136,0,0
GMAG,11:19:55.136,0,0,0,92,66
GRCC,11:19:55.136,1500,1500,1500,1495
GRCX,11:19:55.136,1058,1500,1500,1500
GMOT,11:19:55.136,1000,1000,1000,1000,0,0,0,0
GNAV,11:19:55.136,1,6,0,0
GPAR,11:19:55.136,3120,0,0,0
GRAW,11:19:55.354,0,0,0,0,0,0
GATT,11:19:55.354,0,0
GMAG,11:19:55.354,0,0,0,92,64
GRCC,11:19:55.354,1500,1500,1500,1495
GRCX,11:19:55.354,1058,1500,1500,1500
GMOT,11:19:55.354,1000,1000,1000,1000,0,0,0,0
GNAV,11:19:55.354,1,6,0,0
GPAR,11:19:55.354,2964,0,0,0
GRAW,11:19:55.866,0,0,0,0,0,0
GATT,11:19:55.866,0,0
GMAG,11:19:55.866,0,0,0,92,27
GRCC,11:19:55.866,1500,1500,1500,1495
GRCX,11:19:55.866,1058,1500,1500,1500
GMOT,11:19:55.866,1000,1000,1000,1000,0,0,0,0
GNAV,11:19:55.866,1,6,0,0
GPAR,11:19:55.866,2948,0,0,0
GRAW,11:19:56.228,0,0,0,0,0,0
GATT,11:19:56.228,0,0
GMAG,11:19:56.228,0,0,0,92,27
GRCC,11:19:56.228,1500,1500,1500,1495
GRCX,11:19:56.228,1058,1500,1500,1500
GMOT,11:19:56.228,1000,1000,1000,1000,0,0,0,0
GNAV,11:19:56.228,1,6,0,0
GPAR,11:19:56.228,3304,0,0,0
GRAW,11:19:56.446,0,0,0,0,0,0
GATT,11:19:56.446,0,0
GMAG,11:19:56.446,0,0,0,92,27
GRCC,11:19:56.446,1500,1500,1500,1495
GRCX,11:19:56.446,1058,1500,1500,1500
GMOT,11:19:56.446,1000,1000,1000,1000,0,0,0,0
GNAV,11:19:56.446,1,6,0,0
GPAR,11:19:56.446,3064,0,0,0
GRAW,11:19:56.663,0,0,0,0,0,0
GATT,11:19:56.663,0,0
GMAG,11:19:56.663,0,0,0,92,-26
GRCC,11:19:56.663,1500,1500,1500,1495
GRCX,11:19:56.663,1058,1500,1500,1500
GMOT,11:19:56.663,1000,1000,1000,1000,0,0,0,0
GNAV,11:19:56.663,1,6,0,0
GPAR,11:19:56.663,3064,0,0,0
GRAW,11:19:56.882,0,0,0,0,0,0
GATT,11:19:56.882,0,0
GMAG,11:19:56.882,0,0,0,92,-30
GRCC,11:19:56.882,1500,1500,1500,1495
GRCX,11:19:56.882,1058,1500,1500,1500
GMOT,11:19:56.882,1000,1000,1000,1000,0,0,0,0
GNAV,11:19:56.882,1,6,0,0
GPAR,11:19:56.882,3456,0,0,0
GRAW,11:19:57.103,0,0,0,0,0,0
GATT,11:19:57.103,0,0
GMAG,11:19:57.103,0,0,0,92,-39
GRCC,11:19:57.103,1500,1500,1500,1495
GRCX,11:19:57.103,1058,1500,1500,1500
GMOT,11:19:57.103,1000,1000,1000,1000,0,0,0,0
GNAV,11:19:57.103,1,6,0,0
GPAR,11:19:57.103,3456,0,0,0
GRAW,11:19:57.318,0,0,0,0,0,0
GATT,11:19:57.318,0,0
GMAG,11:19:57.318,0,0,0,92,-39
GRCC,11:19:57.318,1500,1500,1500,1495
GRCX,11:19:57.318,1058,1500,1500,1500
GMOT,11:19:57.318,1000,1000,1000,1000,0,0,0,0
GNAV,11:19:57.318,1,6,0,0
GPAR,11:19:57.318,3456,0,0,0
GRAW,11:19:57.537,0,0,0,0,0,0
GATT,11:19:57.537,0,0
GMAG,11:19:57.537,0,0,0,92,-54
GRCC,11:19:57.537,1500,1500,1500,1495
GRCX,11:19:57.537,1058,1500,1500,1500
GMOT,11:19:57.537,1000,1000,1000,1000,0,0,0,0
GNAV,11:19:57.537,1,6,0,0
GPAR,11:19:57.537,3328,0,0,0
GRAW,11:19:57.757,0,0,0,0,0,0
GATT,11:19:57.757,0,0
GMAG,11:19:57.757,0,0,0,92,-54
GRCC,11:19:57.757,1500,1500,1500,1495
GRCX,11:19:57.757,1058,1500,1500,1500
GMOT,11:19:57.757,1000,1000,1000,1000,0,0,0,0
GNAV,11:19:57.757,1,6,0,0
GPAR,11:19:57.757,3328,0,0,0
GRAW,11:19:57.974,0,0,0,0,0,0
GATT,11:19:57.974,0,0
GMAG,11:19:57.974,0,0,0,92,-53
GRCC,11:19:57.974,1500,1500,1500,1495
GRCX,11:19:57.974,1058,1500,1500,1500
GMOT,11:19:57.974,1000,1000,1000,1000,0,0,0,0
GNAV,11:19:57.974,1,6,0,0
GPAR,11:19:57.974,2964,0,0,0
GRAW,11:19:58.194,0,0,0,0,0,0
GATT,11:19:58.194,0,0
GMAG,11:19:58.194,0,0,0,92,-54
GRCC,11:19:58.194,1500,1500,1500,1495
GRCX,11:19:58.194,1058,1500,1500,1500
GMOT,11:19:58.194,1000,1000,1000,1000,0,0,0,0
GNAV,11:19:58.194,1,6,0,0
GPAR,11:19:58.194,2996,0,0,0
GRAW,11:19:58.412,0,0,0,0,0,0
GATT,11:19:58.412,0,0
GMAG,11:19:58.412,0,0,0,92,-47
GRCC,11:19:58.412,1500,1500,1500,1495
GRCX,11:19:58.412,1058,1500,1500,1500
GMOT,11:19:58.412,1000,1000,1000,1000,0,0,0,0
GNAV,11:19:58.412,1,6,0,0
GPAR,11:19:58.412,2988,0,0,0
GRAW,11:19:58.628,0,0,0,0,0,0
GATT,11:19:58.628,0,0
GMAG,11:19:58.628,0,0,0,92,-50
GRCC,11:19:58.628,1500,1500,1500,1495
GRCX,11:19:58.628,1058,1500,1500,1500
GMOT,11:19:58.628,1000,1000,1000,1000,0,0,0,0
GNAV,11:19:58.628,1,6,0,0
GPAR,11:19:58.628,2984,0,0,0
GRAW,11:19:58.847,0,0,0,0,0,0
GATT,11:19:58.847,0,0
GMAG,11:19:58.847,0,0,0,92,-49
GRCC,11:19:58.847,1500,1500,1500,1495
GRCX,11:19:58.847,1058,1500,1500,1500
GMOT,11:19:58.847,1000,1000,1000,1000,0,0,0,0
GNAV,11:19:58.847,1,6,0,0
GPAR,11:19:58.847,2980,0,0,0
GRAW,11:19:59.066,0,0,0,0,0,0
GATT,11:19:59.066,0,0
GMAG,11:19:59.066,0,0,0,92,-29
GRCC,11:19:59.066,1500,1500,1500,1495
GRCX,11:19:59.066,1058,1500,1500,1500
GMOT,11:19:59.066,1000,1000,1000,1000,0,0,0,0
GNAV,11:19:59.066,1,6,0,0
GPAR,11:19:59.066,3100,0,0,0
GRAW,11:19:59.284,0,0,0,0,0,0
GATT,11:19:59.284,0,0
GMAG,11:19:59.284,0,0,0,92,-12
GRCC,11:19:59.284,1500,1500,1500,1495
GRCX,11:19:59.284,1058,1500,1500,1500
GMOT,11:19:59.284,1000,1000,1000,1000,0,0,0,0
GNAV,11:19:59.284,1,6,0,0
GPAR,11:19:59.284,3180,0,0,0
GRAW,11:19:59.504,0,0,0,0,0,0
GATT,11:19:59.504,0,0
GMAG,11:19:59.504,0,0,0,92,23
GRCC,11:19:59.504,1500,1500,1500,1495
GRCX,11:19:59.504,1058,1500,1500,1500
GMOT,11:19:59.504,1000,1000,1000,1000,0,0,0,0
GNAV,11:19:59.504,1,6,0,0
GPAR,11:19:59.504,3180,0,0,0
GRAW,11:19:59.720,0,0,0,0,0,0
GATT,11:19:59.720,0,0
GMAG,11:19:59.720,0,0,0,92,23
GRCC,11:19:59.720,1500,1500,1500,1495
GRCX,11:19:59.720,1058,1500,1500,1500
GMOT,11:19:59.720,1000,1000,1000,1000,0,0,0,0
GNAV,11:19:59.720,1,6,0,0
GPAR,11:19:59.720,3068,0,0,0
GRAW,11:19:59.970,0,0,0,0,0,0
GATT,11:19:59.970,0,0
GMAG,11:19:59.970,0,0,0,92,34
GRCC,11:19:59.970,1500,1500,1500,1495
GRCX,11:19:59.970,1058,1500,1500,1500
GMOT,11:19:59.970,1000,1000,1000,1000,0,0,0,0
GNAV,11:19:59.970,1,6,0,0
GPAR,11:19:59.970,3176,0,0,0
GRAW,11:20:00.191,0,0,0,0,0,0
GATT,11:20:00.191,0,0
GMAG,11:20:00.191,0,0,0,92,5
GRCC,11:20:00.191,1500,1500,1500,1495
GRCX,11:20:00.191,1058,1500,1500,1500
GMOT,11:20:00.191,1000,1000,1000,1000,0,0,0,0
GNAV,11:20:00.191,1,6,0,0
GPAR,11:20:00.191,2988,0,0,0
GRAW,11:20:00.407,0,0,0,0,0,0